This is pdfTeX, Version 3.141592653-2.6-1.40.24 (MiKTeX 22.3) (preloaded format=pdflatex 2022.4.24)  11 MAY 2022 00:39
entering extended mode
 restricted \write18 enabled.
 %&-line parsing enabled.
**./main.tex
(main.tex
LaTeX2e <2021-11-15> patch level 1
L3 programming layer <2022-02-24>
(C:\Program Files\MiKTeX\tex/latex/ieeetran\IEEEtran.cls
Document Class: IEEEtran 2015/08/26 V1.8b by Michael Shell
-- See the "IEEEtran_HOWTO" manual for usage information.
-- http://www.michaelshell.org/tex/ieeetran/
\@IEEEtrantmpdimenA=\dimen138
\@IEEEtrantmpdimenB=\dimen139
\@IEEEtrantmpdimenC=\dimen140
\@IEEEtrantmpcountA=\count185
\@IEEEtrantmpcountB=\count186
\@IEEEtrantmpcountC=\count187
\@IEEEtrantmptoksA=\toks16
LaTeX Font Info:    Trying to load font information for OT1+ptm on input line 5
03.
(C:\Program Files\MiKTeX\tex/latex/psnfss\ot1ptm.fd
File: ot1ptm.fd 2001/06/04 font definitions for OT1/ptm.
)
-- Using 8.5in x 11in (letter) paper.
-- Using PDF output.
\@IEEEnormalsizeunitybaselineskip=\dimen141
-- This is a 10 point document.
\CLASSINFOnormalsizebaselineskip=\dimen142
\CLASSINFOnormalsizeunitybaselineskip=\dimen143
\IEEEnormaljot=\dimen144
LaTeX Font Info:    Font shape `OT1/ptm/bx/n' in size <5> not available
(Font)              Font shape `OT1/ptm/b/n' tried instead on input line 1090.
LaTeX Font Info:    Font shape `OT1/ptm/bx/it' in size <5> not available
(Font)              Font shape `OT1/ptm/b/it' tried instead on input line 1090.

LaTeX Font Info:    Font shape `OT1/ptm/bx/n' in size <7> not available
(Font)              Font shape `OT1/ptm/b/n' tried instead on input line 1090.
LaTeX Font Info:    Font shape `OT1/ptm/bx/it' in size <7> not available
(Font)              Font shape `OT1/ptm/b/it' tried instead on input line 1090.

LaTeX Font Info:    Font shape `OT1/ptm/bx/n' in size <8> not available
(Font)              Font shape `OT1/ptm/b/n' tried instead on input line 1090.
LaTeX Font Info:    Font shape `OT1/ptm/bx/it' in size <8> not available
(Font)              Font shape `OT1/ptm/b/it' tried instead on input line 1090.

LaTeX Font Info:    Font shape `OT1/ptm/bx/n' in size <9> not available
(Font)              Font shape `OT1/ptm/b/n' tried instead on input line 1090.
LaTeX Font Info:    Font shape `OT1/ptm/bx/it' in size <9> not available
(Font)              Font shape `OT1/ptm/b/it' tried instead on input line 1090.

LaTeX Font Info:    Font shape `OT1/ptm/bx/n' in size <10> not available
(Font)              Font shape `OT1/ptm/b/n' tried instead on input line 1090.
LaTeX Font Info:    Font shape `OT1/ptm/bx/it' in size <10> not available
(Font)              Font shape `OT1/ptm/b/it' tried instead on input line 1090.

LaTeX Font Info:    Font shape `OT1/ptm/bx/n' in size <11> not available
(Font)              Font shape `OT1/ptm/b/n' tried instead on input line 1090.
LaTeX Font Info:    Font shape `OT1/ptm/bx/it' in size <11> not available
(Font)              Font shape `OT1/ptm/b/it' tried instead on input line 1090.

LaTeX Font Info:    Font shape `OT1/ptm/bx/n' in size <12> not available
(Font)              Font shape `OT1/ptm/b/n' tried instead on input line 1090.
LaTeX Font Info:    Font shape `OT1/ptm/bx/it' in size <12> not available
(Font)              Font shape `OT1/ptm/b/it' tried instead on input line 1090.

LaTeX Font Info:    Font shape `OT1/ptm/bx/n' in size <17> not available
(Font)              Font shape `OT1/ptm/b/n' tried instead on input line 1090.
LaTeX Font Info:    Font shape `OT1/ptm/bx/it' in size <17> not available
(Font)              Font shape `OT1/ptm/b/it' tried instead on input line 1090.

LaTeX Font Info:    Font shape `OT1/ptm/bx/n' in size <20> not available
(Font)              Font shape `OT1/ptm/b/n' tried instead on input line 1090.
LaTeX Font Info:    Font shape `OT1/ptm/bx/it' in size <20> not available
(Font)              Font shape `OT1/ptm/b/it' tried instead on input line 1090.

LaTeX Font Info:    Font shape `OT1/ptm/bx/n' in size <24> not available
(Font)              Font shape `OT1/ptm/b/n' tried instead on input line 1090.
LaTeX Font Info:    Font shape `OT1/ptm/bx/it' in size <24> not available
(Font)              Font shape `OT1/ptm/b/it' tried instead on input line 1090.

\IEEEquantizedlength=\dimen145
\IEEEquantizedlengthdiff=\dimen146
\IEEEquantizedtextheightdiff=\dimen147
\IEEEilabelindentA=\dimen148
\IEEEilabelindentB=\dimen149
\IEEEilabelindent=\dimen150
\IEEEelabelindent=\dimen151
\IEEEdlabelindent=\dimen152
\IEEElabelindent=\dimen153
\IEEEiednormlabelsep=\dimen154
\IEEEiedmathlabelsep=\dimen155
\IEEEiedtopsep=\skip47
\c@section=\count188
\c@subsection=\count189
\c@subsubsection=\count190
\c@paragraph=\count191
\c@IEEEsubequation=\count192
\abovecaptionskip=\skip48
\belowcaptionskip=\skip49
\c@figure=\count193
\c@table=\count194
\@IEEEeqnnumcols=\count195
\@IEEEeqncolcnt=\count196
\@IEEEsubeqnnumrollback=\count197
\@IEEEquantizeheightA=\dimen156
\@IEEEquantizeheightB=\dimen157
\@IEEEquantizeheightC=\dimen158
\@IEEEquantizeprevdepth=\dimen159
\@IEEEquantizemultiple=\count198
\@IEEEquantizeboxA=\box50
\@IEEEtmpitemindent=\dimen160
\IEEEPARstartletwidth=\dimen161
\c@IEEEbiography=\count199
\@IEEEtranrubishbin=\box51
)
** ATTENTION: Overriding command lockouts (line 2).
(C:\Program Files\MiKTeX\tex/latex/cite\cite.sty
LaTeX Info: Redefining \cite on input line 302.
LaTeX Info: Redefining \nocite on input line 332.
Package: cite 2015/02/27  v 5.5
)
(C:\Program Files\MiKTeX\tex/latex/amsmath\amsmath.sty
Package: amsmath 2021/10/15 v2.17l AMS math features
\@mathmargin=\skip50

For additional information on amsmath, use the `?' option.
(C:\Program Files\MiKTeX\tex/latex/amsmath\amstext.sty
Package: amstext 2021/08/26 v2.01 AMS text

(C:\Program Files\MiKTeX\tex/latex/amsmath\amsgen.sty
File: amsgen.sty 1999/11/30 v2.0 generic functions
\@emptytoks=\toks17
\ex@=\dimen162
))
(C:\Program Files\MiKTeX\tex/latex/amsmath\amsbsy.sty
Package: amsbsy 1999/11/29 v1.2d Bold Symbols
\pmbraise@=\dimen163
)
(C:\Program Files\MiKTeX\tex/latex/amsmath\amsopn.sty
Package: amsopn 2021/08/26 v2.02 operator names
)
\inf@bad=\count266
LaTeX Info: Redefining \frac on input line 234.
\uproot@=\count267
\leftroot@=\count268
LaTeX Info: Redefining \overline on input line 399.
\classnum@=\count269
\DOTSCASE@=\count270
LaTeX Info: Redefining \ldots on input line 496.
LaTeX Info: Redefining \dots on input line 499.
LaTeX Info: Redefining \cdots on input line 620.
\Mathstrutbox@=\box52
\strutbox@=\box53
\big@size=\dimen164
LaTeX Font Info:    Redeclaring font encoding OML on input line 743.
LaTeX Font Info:    Redeclaring font encoding OMS on input line 744.
\macc@depth=\count271
\c@MaxMatrixCols=\count272
\dotsspace@=\muskip16
\c@parentequation=\count273
\dspbrk@lvl=\count274
\tag@help=\toks18
\row@=\count275
\column@=\count276
\maxfields@=\count277
\andhelp@=\toks19
\eqnshift@=\dimen165
\alignsep@=\dimen166
\tagshift@=\dimen167
\tagwidth@=\dimen168
\totwidth@=\dimen169
\lineht@=\dimen170
\@envbody=\toks20
\multlinegap=\skip51
\multlinetaggap=\skip52
\mathdisplay@stack=\toks21
LaTeX Info: Redefining \[ on input line 2938.
LaTeX Info: Redefining \] on input line 2939.
)
(C:\Program Files\MiKTeX\tex/latex/amsfonts\amssymb.sty
Package: amssymb 2013/01/14 v3.01 AMS font symbols

(C:\Program Files\MiKTeX\tex/latex/amsfonts\amsfonts.sty
Package: amsfonts 2013/01/14 v3.01 Basic AMSFonts support
\symAMSa=\mathgroup4
\symAMSb=\mathgroup5
LaTeX Font Info:    Redeclaring math symbol \hbar on input line 98.
LaTeX Font Info:    Overwriting math alphabet `\mathfrak' in version `bold'
(Font)                  U/euf/m/n --> U/euf/b/n on input line 106.
))
(C:\Program Files\MiKTeX\tex/latex/algorithms\algorithmic.sty
Package: algorithmic 2009/08/24 v0.1 Document Style `algorithmic'

(C:\Program Files\MiKTeX\tex/latex/base\ifthen.sty
Package: ifthen 2020/11/24 v1.1c Standard LaTeX ifthen package (DPC)
)
(C:\Program Files\MiKTeX\tex/latex/graphics\keyval.sty
Package: keyval 2014/10/28 v1.15 key=value parser (DPC)
\KV@toks@=\toks22
)
\c@ALC@unique=\count278
\c@ALC@line=\count279
\c@ALC@rem=\count280
\c@ALC@depth=\count281
\ALC@tlm=\skip53
\algorithmicindent=\skip54
)
(C:\Program Files\MiKTeX\tex/latex/graphics\graphicx.sty
Package: graphicx 2021/09/16 v1.2d Enhanced LaTeX Graphics (DPC,SPQR)

(C:\Program Files\MiKTeX\tex/latex/graphics\graphics.sty
Package: graphics 2021/03/04 v1.4d Standard LaTeX Graphics (DPC,SPQR)

(C:\Program Files\MiKTeX\tex/latex/graphics\trig.sty
Package: trig 2021/08/11 v1.11 sin cos tan (DPC)
)
(C:\Program Files\MiKTeX\tex/latex/graphics-cfg\graphics.cfg
File: graphics.cfg 2016/06/04 v1.11 sample graphics configuration
)
Package graphics Info: Driver file: pdftex.def on input line 107.

(C:\Program Files\MiKTeX\tex/latex/graphics-def\pdftex.def
File: pdftex.def 2020/10/05 v1.2a Graphics/color driver for pdftex
))
\Gin@req@height=\dimen171
\Gin@req@width=\dimen172
)
(C:\Program Files\MiKTeX\tex/latex/base\textcomp.sty
Package: textcomp 2020/02/02 v2.0n Standard LaTeX package
)
(C:\Program Files\MiKTeX\tex/latex/xcolor\xcolor.sty
Package: xcolor 2021/10/31 v2.13 LaTeX color extensions (UK)

(C:\Program Files\MiKTeX\tex/latex/graphics-cfg\color.cfg
File: color.cfg 2016/01/02 v1.6 sample color configuration
)
Package xcolor Info: Driver file: pdftex.def on input line 227.
Package xcolor Info: Model `cmy' substituted by `cmy0' on input line 1352.
Package xcolor Info: Model `hsb' substituted by `rgb' on input line 1356.
Package xcolor Info: Model `RGB' extended on input line 1368.
Package xcolor Info: Model `HTML' substituted by `rgb' on input line 1370.
Package xcolor Info: Model `Hsb' substituted by `hsb' on input line 1371.
Package xcolor Info: Model `tHsb' substituted by `hsb' on input line 1372.
Package xcolor Info: Model `HSB' substituted by `hsb' on input line 1373.
Package xcolor Info: Model `Gray' substituted by `gray' on input line 1374.
Package xcolor Info: Model `wave' substituted by `hsb' on input line 1375.
)
(C:\Program Files\MiKTeX\tex/latex/stackengine\stackengine.sty
Package: stackengine 2021/07/22 v4.11\ Stacking text and objects in convenient 
ways

(C:\Program Files\MiKTeX\tex/latex/etoolbox\etoolbox.sty
Package: etoolbox 2020/10/05 v2.5k e-TeX tools for LaTeX (JAW)
\etb@tempcnta=\count282
)
(C:\Program Files\MiKTeX\tex/latex/listofitems\listofitems.sty
(C:\Program Files\MiKTeX\tex/generic/listofitems\listofitems.tex
\loi_cnt_foreach_nest=\count283
\loi_nestcnt=\count284
)
Package: listofitems 2019/08/21 v1.63 Grab items in lists using user-specified 
sep char (CT)
)
(C:\Program Files\MiKTeX\tex/latex/tools\calc.sty
Package: calc 2017/05/25 v4.3 Infix arithmetic (KKT,FJ)
\calc@Acount=\count285
\calc@Bcount=\count286
\calc@Adimen=\dimen173
\calc@Bdimen=\dimen174
\calc@Askip=\skip55
\calc@Bskip=\skip56
LaTeX Info: Redefining \setlength on input line 80.
LaTeX Info: Redefining \addtolength on input line 81.
\calc@Ccount=\count287
\calc@Cskip=\skip57
)
\c@@stackindex=\count288
\@boxshift=\skip58
\stack@tmplength=\skip59
\temp@stkl=\skip60
\@stackedboxwidth=\skip61
\@addedbox=\box54
\@anchorbox=\box55
\@insetbox=\box56
\se@backgroundbox=\box57
\stackedbox=\box58
\@centerbox=\box59
\c@ROWcellindex@=\count289
)
(C:\Program Files\MiKTeX\tex/latex/l3backend\l3backend-pdftex.def
File: l3backend-pdftex.def 2022-02-07 L3 backend support: PDF output (pdfTeX)
\l__color_backend_stack_int=\count290
\l__pdf_internal_box=\box60
) (main.aux)
\openout1 = `main.aux'.

LaTeX Font Info:    Checking defaults for OML/cmm/m/it on input line 15.
LaTeX Font Info:    ... okay on input line 15.
LaTeX Font Info:    Checking defaults for OMS/cmsy/m/n on input line 15.
LaTeX Font Info:    ... okay on input line 15.
LaTeX Font Info:    Checking defaults for OT1/cmr/m/n on input line 15.
LaTeX Font Info:    ... okay on input line 15.
LaTeX Font Info:    Checking defaults for T1/cmr/m/n on input line 15.
LaTeX Font Info:    ... okay on input line 15.
LaTeX Font Info:    Checking defaults for TS1/cmr/m/n on input line 15.
LaTeX Font Info:    ... okay on input line 15.
LaTeX Font Info:    Checking defaults for OMX/cmex/m/n on input line 15.
LaTeX Font Info:    ... okay on input line 15.
LaTeX Font Info:    Checking defaults for U/cmr/m/n on input line 15.
LaTeX Font Info:    ... okay on input line 15.

-- Lines per column: 56 (exact).
(C:\Program Files\MiKTeX\tex/context/base/mkii\supp-pdf.mkii
[Loading MPS to PDF converter (version 2006.09.02).]
\scratchcounter=\count291
\scratchdimen=\dimen175
\scratchbox=\box61
\nofMPsegments=\count292
\nofMParguments=\count293
\everyMPshowfont=\toks23
\MPscratchCnt=\count294
\MPscratchDim=\dimen176
\MPnumerator=\count295
\makeMPintoPDFobject=\count296
\everyMPtoPDFconversion=\toks24
) (C:\Program Files\MiKTeX\tex/latex/epstopdf-pkg\epstopdf-base.sty
Package: epstopdf-base 2020-01-24 v2.11 Base part for package epstopdf
Package epstopdf-base Info: Redefining graphics rule for `.eps' on input line 4
85.

(C:\Program Files\MiKTeX\tex/latex/00miktex\epstopdf-sys.cfg
File: epstopdf-sys.cfg 2021/03/18 v2.0 Configuration of epstopdf for MiKTeX
))
LaTeX Font Info:    Calculating math sizes for size <11> on input line 30.
LaTeX Font Info:    Trying to load font information for U+msa on input line 30.


(C:\Program Files\MiKTeX\tex/latex/amsfonts\umsa.fd
File: umsa.fd 2013/01/14 v3.01 AMS symbols A
)
LaTeX Font Info:    Trying to load font information for U+msb on input line 30.


(C:\Program Files\MiKTeX\tex/latex/amsfonts\umsb.fd
File: umsb.fd 2013/01/14 v3.01 AMS symbols B
) (abstract.tex)
(introduction.tex) (task_scheduling.tex [1{C:/Users/sheik/AppData/Local/MiKTeX/
fonts/map/pdftex/pdftex.map}


]
<images//periodic.png, id=10, 610.28pt x 189.20688pt>
File: images//periodic.png Graphic file (type png)
<use images//periodic.png>
Package pdftex.def Info: images//periodic.png  used on input line 81.
(pdftex.def)             Requested size: 258.0pt x 79.99178pt.

Overfull \hbox (6.0pt too wide) in paragraph at lines 81--82
 [][] 
 []

<images//Two_tasks_sharing.png, id=12, 709.14937pt x 369.38pt>
File: images//Two_tasks_sharing.png Graphic file (type png)
<use images//Two_tasks_sharing.png>
Package pdftex.def Info: images//Two_tasks_sharing.png  used on input line 124.

(pdftex.def)             Requested size: 258.0pt x 134.38576pt.

Overfull \hbox (6.0pt too wide) in paragraph at lines 124--125
 [][] 
 []

<images//Example_of_schedule_creating_data_inconsistency.png, id=13, 748.7975pt
 x 300.12125pt>
File: images//Example_of_schedule_creating_data_inconsistency.png Graphic file 
(type png)
<use images//Example_of_schedule_creating_data_inconsistency.png>
Package pdftex.def Info: images//Example_of_schedule_creating_data_inconsistenc
y.png  used on input line 131.
(pdftex.def)             Requested size: 258.0pt x 103.40913pt.

Overfull \hbox (6.0pt too wide) in paragraph at lines 131--132
 [][] 
 []


LaTeX Warning: `h' float specifier changed to `ht'.

[2 <./images//periodic.png> <./images//Two_tasks_sharing.png>]
<images//Structure.png, id=21, 705.13437pt x 441.14813pt>
File: images//Structure.png Graphic file (type png)
<use images//Structure.png>
Package pdftex.def Info: images//Structure.png  used on input line 140.
(pdftex.def)             Requested size: 258.0pt x 161.41151pt.

Overfull \hbox (6.0pt too wide) in paragraph at lines 140--142
 [][] 
 []

<images//semaphore.png, id=22, 727.21687pt x 321.2pt>
File: images//semaphore.png Graphic file (type png)
<use images//semaphore.png>
Package pdftex.def Info: images//semaphore.png  used on input line 148.
(pdftex.def)             Requested size: 258.0pt x 113.95573pt.

Overfull \hbox (6.0pt too wide) in paragraph at lines 148--149
 [][] 
 []

<images//state.png, id=23, 861.2175pt x 353.82187pt>
File: images//state.png Graphic file (type png)
<use images//state.png>
Package pdftex.def Info: images//state.png  used on input line 155.
(pdftex.def)             Requested size: 258.0pt x 105.9962pt.

Overfull \hbox (6.0pt too wide) in paragraph at lines 155--156
 [][] 
 []


LaTeX Warning: `h' float specifier changed to `ht'.

) (problem.tex) (rap.tex [3 <./images//Example_of_schedule_creating_data_incons
istency.png> <./images//Structure.png> <./images//semaphore.png> <./images//sta
te.png>] (npp.tex
<images//An_example_of_priority_inversion.png, id=33, 569.62813pt x 395.4775pt>

File: images//An_example_of_priority_inversion.png Graphic file (type png)
<use images//An_example_of_priority_inversion.png>
Package pdftex.def Info: images//An_example_of_priority_inversion.png  used on 
input line 14.
(pdftex.def)             Requested size: 258.0pt x 179.12184pt.

Overfull \hbox (6.0pt too wide) in paragraph at lines 14--15
 [][] 
 []

<images//Example_of_NPP_preventing_priority_inversion.png, id=34, 611.78563pt x
 373.395pt>
File: images//Example_of_NPP_preventing_priority_inversion.png Graphic file (ty
pe png)
<use images//Example_of_NPP_preventing_priority_inversion.png>
Package pdftex.def Info: images//Example_of_NPP_preventing_priority_inversion.p
ng  used on input line 21.
(pdftex.def)             Requested size: 258.0pt x 157.46295pt.

Overfull \hbox (6.0pt too wide) in paragraph at lines 21--22
 [][] 
 []


LaTeX Warning: `h' float specifier changed to `ht'.

<images//Example_in_which_NPP_causes_unnecessary_blocking_on_T1.png, id=35, 758
.835pt x 384.43625pt>
File: images//Example_in_which_NPP_causes_unnecessary_blocking_on_T1.png Graphi
c file (type png)
<use images//Example_in_which_NPP_causes_unnecessary_blocking_on_T1.png>
Package pdftex.def Info: images//Example_in_which_NPP_causes_unnecessary_blocki
ng_on_T1.png  used on input line 48.
(pdftex.def)             Requested size: 258.0pt x 130.70659pt.

Overfull \hbox (6.0pt too wide) in paragraph at lines 48--49
 [][] 
 []

) (hlp.tex [4 <./images//An_example_of_priority_inversion.png> <./images//Examp
le_of_NPP_preventing_priority_inversion.png> <./images//Example_in_which_NPP_ca
uses_unnecessary_blocking_on_T1.png>]

LaTeX Warning: Reference `fig: Example_of_schedule_under_HLP' on page 5 undefin
ed on input line 17.

<images//Example_of_schedule_under_HLP.png, id=46, 790.45313pt x 559.08875pt>
File: images//Example_of_schedule_under_HLP.png Graphic file (type png)
<use images//Example_of_schedule_under_HLP.png>
Package pdftex.def Info: images//Example_of_schedule_under_HLP.png  used on inp
ut line 21.
(pdftex.def)             Requested size: 258.0pt x 182.48653pt.

Overfull \hbox (6.0pt too wide) in paragraph at lines 21--22
 [][] 
 []

) (pip.tex

LaTeX Warning: Reference `fig:pip' on page 5 undefined on input line 7.

<images//pip.png, id=47, 667.49374pt x 444.66125pt>
File: images//pip.png Graphic file (type png)
<use images//pip.png>
Package pdftex.def Info: images//pip.png  used on input line 10.
(pdftex.def)             Requested size: 258.0pt x 171.87021pt.

Overfull \hbox (6.0pt too wide) in paragraph at lines 10--11
 [][] 
 []


LaTeX Warning: Reference `fig:pip_nested' on page 5 undefined on input line 15.


<images//pip_nested.png, id=48, 668.99937pt x 470.25688pt>
File: images//pip_nested.png Graphic file (type png)
<use images//pip_nested.png>
Package pdftex.def Info: images//pip_nested.png  used on input line 18.
(pdftex.def)             Requested size: 258.0pt x 181.36159pt.

Overfull \hbox (6.0pt too wide) in paragraph at lines 18--19
 [][] 
 []


LaTeX Warning: `h' float specifier changed to `ht'.


LaTeX Warning: Reference `fig:tpi' on page 5 undefined on input line 23.

<images//tpi.png, id=49, 686.565pt x 436.63126pt>
File: images//tpi.png Graphic file (type png)
<use images//tpi.png>
Package pdftex.def Info: images//tpi.png  used on input line 26.
(pdftex.def)             Requested size: 258.0pt x 164.0761pt.

Overfull \hbox (6.0pt too wide) in paragraph at lines 26--27
 [][] 
 []


LaTeX Warning: `h' float specifier changed to `ht'.


LaTeX Warning: Reference `fig:Example_of_chained_blocking' on page 5 undefined 
on input line 56.

<images//Example_of_chained_blocking.png, id=50, 667.49374pt x 288.07625pt>
File: images//Example_of_chained_blocking.png Graphic file (type png)
<use images//Example_of_chained_blocking.png>
Package pdftex.def Info: images//Example_of_chained_blocking.png  used on input
 line 59.
(pdftex.def)             Requested size: 258.0pt x 111.34706pt.

Overfull \hbox (6.0pt too wide) in paragraph at lines 59--60
 [][] 
 []


LaTeX Warning: `h' float specifier changed to `ht'.


LaTeX Warning: Reference `fig:Example_of_deadlock' on page 5 undefined on input
 line 66.

<images//Example_of_deadlock.png, id=51, 1116.17pt x 498.86375pt>
File: images//Example_of_deadlock.png Graphic file (type png)
<use images//Example_of_deadlock.png>
Package pdftex.def Info: images//Example_of_deadlock.png  used on input line 69
.
(pdftex.def)             Requested size: 258.0pt x 115.30714pt.

Overfull \hbox (6.0pt too wide) in paragraph at lines 69--70
 [][] 
 []


LaTeX Warning: `h' float specifier changed to `ht'.

) (pcp.tex [5 <./images//Example_of_schedule_under_HLP.png> <./images//pip.png>
]))
Underfull \hbox (badness 10000) in paragraph at lines 77--78
[]\OT1/ptm/m/n/8 \Real-time sys-tems overview and ex-am-ples," In-tel. [On-line
].
 []


Underfull \hbox (badness 10000) in paragraph at lines 77--78
\OT1/ptm/m/n/8 Avail-able: https://www.intel.com/content/www/us/en/robotics/rea
l-
 []


Underfull \hbox (badness 2790) in paragraph at lines 79--80
\OT1/ptm/m/n/8 [On-line]. Avail-able: https://www.geeksforgeeks.org/characteris
tics-of-
 []


Underfull \hbox (badness 1484) in paragraph at lines 81--82
[]\OT1/ptm/m/n/8 \Terminology and no-ta-tion," Ter-mi-nol-ogy and No-ta-tion |.
 [On-
 []


Underfull \hbox (badness 1675) in paragraph at lines 81--82
\OT1/ptm/m/n/8 line]. Avail-able: https://cmte.ieee.org/tcrts/education/termino
logy-and-
 []


** Conference Paper **
Before submitting the final camera ready copy, remember to:

 1. Manually equalize the lengths of two columns on the last page
 of your paper;

 2. Ensure that any PostScript and/or PDF output post-processing
 uses only Type 1 fonts and that every step in the generation
 process uses the appropriate paper size.

[6 <./images//pip_nested.png> <./images//tpi.png> <./images//Example_of_chained
_blocking.png> <./images//Example_of_deadlock.png>] (main.aux)

LaTeX Warning: There were undefined references.


LaTeX Warning: Label(s) may have changed. Rerun to get cross-references right.

 ) 
Here is how much of TeX's memory you used:
 5114 strings out of 478582
 82355 string characters out of 2854159
 386262 words of memory out of 3000000
 23222 multiletter control sequences out of 15000+600000
 508952 words of font info for 111 fonts, out of 8000000 for 9000
 1141 hyphenation exceptions out of 8191
 55i,11n,62p,1314b,332s stack positions out of 10000i,1000n,20000p,200000b,80000s
{C:/Program Files/MiKTeX/fonts/enc/dvips/base/8r.enc}<C:/Program Files/MiKTeX
/fonts/type1/public/amsfonts/cm/cmex10.pfb><C:/Program Files/MiKTeX/fonts/type1
/public/amsfonts/cm/cmmi10.pfb><C:/Program Files/MiKTeX/fonts/type1/public/amsf
onts/cm/cmmi5.pfb><C:/Program Files/MiKTeX/fonts/type1/public/amsfonts/cm/cmmi7
.pfb><C:/Program Files/MiKTeX/fonts/type1/public/amsfonts/cm/cmmi8.pfb><C:/Prog
ram Files/MiKTeX/fonts/type1/public/amsfonts/cm/cmr10.pfb><C:/Program Files/MiK
TeX/fonts/type1/public/amsfonts/cm/cmr6.pfb><C:/Program Files/MiKTeX/fonts/type
1/public/amsfonts/cm/cmr7.pfb><C:/Program Files/MiKTeX/fonts/type1/public/amsfo
nts/cm/cmr8.pfb><C:/Program Files/MiKTeX/fonts/type1/public/amsfonts/cm/cmsy10.
pfb><C:/Program Files/MiKTeX/fonts/type1/public/amsfonts/cm/cmsy7.pfb><C:/Progr
am Files/MiKTeX/fonts/type1/urw/times/utmb8a.pfb><C:/Program Files/MiKTeX/fonts
/type1/urw/times/utmbi8a.pfb><C:/Program Files/MiKTeX/fonts/type1/urw/times/utm
r8a.pfb><C:/Program Files/MiKTeX/fonts/type1/urw/times/utmri8a.pfb>
Output written on main.pdf (6 pages, 847990 bytes).
PDF statistics:
 128 PDF objects out of 1000 (max. 8388607)
 0 named destinations out of 1000 (max. 500000)
 76 words of extra memory for PDF output out of 10000 (max. 10000000)

